<?xml version="1.0" encoding="UTF-8"?>
<!-- Generated by org.testng.reporters.JUnitReportReporter -->
<testsuite skipped="0" hostname="LAPTOP-A13CSC61" name="TShirtsBannerTest" tests="1" failures="0" timestamp="2022-05-16T22:13:39 CDT" time="10.688" errors="0">
  <testcase name="womenBtnCLick" time="10.688" classname="TShirtsBannerTest"/>
  <system-out/>
</testsuite> <!-- TShirtsBannerTest -->
