<?xml version="1.0" encoding="UTF-8"?>
<!-- Generated by org.testng.reporters.JUnitReportReporter -->
<testsuite skipped="0" hostname="LAPTOP-A13CSC61" name="TShirtsBannerTest" tests="1" failures="0" timestamp="2022-05-17T08:20:04 CDT" time="6.105" errors="0">
  <testcase name="womenBtnCLick" time="6.105" classname="TShirtsBannerTest"/>
  <system-out/>
</testsuite> <!-- TShirtsBannerTest -->
