<?xml version="1.0" encoding="UTF-8"?>
<!-- Generated by org.testng.reporters.JUnitReportReporter -->
<testsuite skipped="0" hostname="GSJ9MD6MACD01EX" name="MenuTests" tests="2" failures="0" timestamp="2022-05-15T23:17:39 CDT" time="11.195" errors="0">
  <testcase name="testSR1010" time="8.952" classname="MenuTests"/>
  <system-out/>
  <testcase name="testSR1012" time="2.243" classname="MenuTests"/>
  <system-out/>
</testsuite> <!-- MenuTests -->
