<?xml version="1.0" encoding="UTF-8"?>
<!-- Generated by org.testng.reporters.JUnitReportReporter -->
<testsuite skipped="0" hostname="LAPTOP-A13CSC61" name="WomenBannerTest" tests="1" failures="0" timestamp="2022-05-16T22:22:56 CDT" time="6.797" errors="0">
  <testcase name="womenBtnCLick" time="6.797" classname="WomenBannerTest"/>
  <system-out/>
</testsuite> <!-- WomenBannerTest -->
