<?xml version="1.0" encoding="UTF-8"?>
<!-- Generated by org.testng.reporters.JUnitReportReporter -->
<testsuite skipped="0" hostname="GSJ9MD6MACD01EX" name="CategoryTshirtsTests" tests="1" failures="0" timestamp="2022-05-15T22:40:08 CDT" time="5.338" errors="0">
  <testcase name="testSR1012" time="5.338" classname="CategoryTshirtsTests"/>
  <system-out/>
</testsuite> <!-- CategoryTshirtsTests -->
