<?xml version="1.0" encoding="UTF-8"?>
<!-- Generated by org.testng.reporters.JUnitReportReporter -->
<testsuite skipped="0" hostname="LAPTOP-A13CSC61" name="WomenBannerTest" tests="1" failures="0" timestamp="2022-05-17T08:31:12 CDT" time="22.006" errors="0">
  <testcase name="womenBtnCLick" time="22.006" classname="WomenBannerTest"/>
  <system-out/>
</testsuite> <!-- WomenBannerTest -->
